<?xml version="1.0" encoding="UTF-8"?>
<!-- Generated by org.testng.reporters.JUnitReportReporter -->
<testsuite hostname="LAPTOP-H4MNKU5B" failures="0" tests="1" name="com.crm.comcast.SDET32.Practice.FlightBookingMakeMyTrip" time="22.242" errors="0" timestamp="2022-04-10T18:50:03 IST" skipped="0">
  <testcase classname="com.crm.comcast.SDET32.Practice.FlightBookingMakeMyTrip" name="demoTest" time="22.242"/>
  <system-out/>
</testsuite> <!-- com.crm.comcast.SDET32.Practice.FlightBookingMakeMyTrip -->
