<?xml version="1.0" encoding="UTF-8"?>
<!-- Generated by org.testng.reporters.JUnitReportReporter -->
<testsuite hostname="LAPTOP-H4MNKU5B" failures="0" tests="3" name="com.crm.comcast.SDET32.Practice.organizationTest" time="0.015" errors="0" timestamp="2022-03-28T12:56:24 IST" skipped="0">
  <testcase classname="com.crm.comcast.SDET32.Practice.organizationTest" name="createOrganizationTest" time="0.003"/>
  <system-out/>
  <testcase classname="com.crm.comcast.SDET32.Practice.organizationTest" name="createContactWithOrganizationName" time="0.010"/>
  <system-out/>
  <testcase classname="com.crm.comcast.SDET32.Practice.organizationTest" name="createOpportunityWithOrgNameAndContactInfo" time="0.002"/>
  <system-out/>
</testsuite> <!-- com.crm.comcast.SDET32.Practice.organizationTest -->
