<?xml version="1.0" encoding="UTF-8"?>
<!-- Generated by org.testng.reporters.JUnitReportReporter -->
<testsuite hostname="LAPTOP-H4MNKU5B" failures="0" tests="5" name="com.crm.comcast.SDET32.Practice.RuntestUsingMultipleDataHavingMultipleColumnTest01" time="0.013" errors="0" timestamp="2022-03-28T16:52:52 IST" skipped="0">
  <testcase classname="com.crm.comcast.SDET32.Practice.RuntestUsingMultipleDataHavingMultipleColumnTest01" name="ticketBookingTest" time="0.001"/>
  <system-out/>
  <testcase classname="com.crm.comcast.SDET32.Practice.RuntestUsingMultipleDataHavingMultipleColumnTest01" name="ticketBookingTest" time="0.001"/>
  <system-out/>
  <testcase classname="com.crm.comcast.SDET32.Practice.RuntestUsingMultipleDataHavingMultipleColumnTest01" name="ticketBookingTest" time="0.002"/>
  <system-out/>
  <testcase classname="com.crm.comcast.SDET32.Practice.RuntestUsingMultipleDataHavingMultipleColumnTest01" name="ticketBookingTest" time="0.007"/>
  <system-out/>
  <testcase classname="com.crm.comcast.SDET32.Practice.RuntestUsingMultipleDataHavingMultipleColumnTest01" name="ticketBookingTest" time="0.002"/>
  <system-out/>
</testsuite> <!-- com.crm.comcast.SDET32.Practice.RuntestUsingMultipleDataHavingMultipleColumnTest01 -->
